<?xml version="1.0" encoding="UTF-8"?>
<testsuite name="TestSuite" time="150" tests="3" errors="0" skipped="0" failures="0">
  <properties>
    <property name="PROCESSOR_ARCHITECTURE" value="AMD64"/>
    <property name="LOGONSERVER" value="\\HP-OMEN"/>
    <property name="ProgramData" value="C:\ProgramData"/>
    <property name="java.home" value="C:\Program Files\Java\jdk-11.0.14"/>
    <property name="NODE_NAME" value="built-in"/>
    <property name="UGII_BASE_DIR" value="C:\Program Files\Siemens\NX 10.0"/>
    <property name="JENKINS_URL" value="http://localhost:8080/omen/"/>
    <property name="ALLUSERSPROFILE" value="C:\ProgramData"/>
    <property name="PSModulePath" value="C:\Program Files\WindowsPowerShell\Modules;C:\WINDOWS\system32\WindowsPowerShell\v1.0\Modules;C:\Program Files (x86)\Microsoft SQL Server\120\Tools\PowerShell\Modules\;C:\Program Files (x86)\Microsoft SQL Server\140\Tools\PowerShell\Modules\"/>
    <property name="=::" value="::\"/>
    <property name="USERDOMAIN" value="HP-OMEN"/>
    <property name="sun.os.patch.level" value=""/>
    <property name="java.vendor.url" value="https://openjdk.java.net/"/>
    <property name="CommonProgramFiles(x86)" value="C:\Program Files (x86)\Common Files"/>
    <property name="java.version" value="11.0.14"/>
    <property name="JOB_NAME" value="OrangeHRMArtID_mavenProj"/>
    <property name="=F:" value="F:\tools\jenkins"/>
    <property name="COMPUTERNAME" value="HP-OMEN"/>
    <property name="AWP_ROOT181" value="C:\Program Files\ANSYS Inc\v181"/>
    <property name="java.vendor.url.bug" value="https://bugreport.java.com/bugreport/"/>
    <property name="PUBLIC" value="C:\Users\Public"/>
    <property name="java.version.date" value="2022-01-18"/>
    <property name="jdk.debug" value="release"/>
    <property name="user.name" value="Aravindh"/>
    <property name="sun.io.unicode.encoding" value="UnicodeLittle"/>
    <property name="sun.jnu.encoding" value="Cp1252"/>
    <property name="java.runtime.name" value="Java(TM) SE Runtime Environment"/>
    <property name="windir" value="C:\WINDOWS"/>
    <property name="SW_SIM_MPIT" value="INTELMPI"/>
    <property name="PROCESSOR_IDENTIFIER" value="Intel64 Family 6 Model 158 Stepping 10, GenuineIntel"/>
    <property name="java_home" value="C:\Program Files\Java\jdk-11.0.14"/>
    <property name="GOOGLE_API_KEY" value="no"/>
    <property name="java.specification.name" value="Java Platform API Specification"/>
    <property name="LOCALAPPDATA" value="C:\Users\Aravindh\AppData\Local"/>
    <property name="RUN_CHANGES_DISPLAY_URL" value="http://localhost:8080/omen/job/OrangeHRMArtID_mavenProj/2/display/redirect?page=changes"/>
    <property name="user.timezone" value="America/New_York"/>
    <property name="user.script" value=""/>
    <property name="path.separator" value=";"/>
    <property name="NUMBER_OF_PROCESSORS" value="12"/>
    <property name="BUILD_TAG" value="jenkins-OrangeHRMArtID_mavenProj-2"/>
    <property name="file.encoding" value="Cp1252"/>
    <property name="UGII_ROOT_DIR" value="C:\Program Files\Siemens\NX 10.0\UGII\"/>
    <property name="sun.java.command" value="jenkins.maven3.agent.Maven35Main F:\tools\Maven\apache-maven-3.8.4-bin\apache-maven-3.8.4 C:\Users\Aravindh\.jenkins\war\WEB-INF\lib\remoting-4.11.2.jar C:\Users\Aravindh\.jenkins\plugins\maven-plugin\WEB-INF\lib\maven35-interceptor-1.13.jar C:\Users\Aravindh\.jenkins\plugins\maven-plugin\WEB-INF\lib\maven3-interceptor-commons-1.13.jar 59316"/>
    <property name="HUDSON_URL" value="http://localhost:8080/omen/"/>
    <property name="JENKINS_SERVER_COOKIE" value="00009c5e8fd7e5ad"/>
    <property name="SPLM_LICENSE_SERVER" value="28000@laptop-ktntc7i5"/>
    <property name="EXECUTOR_NUMBER" value="1"/>
    <property name="Path" value="C:\Program Files\Java\jdk-11.0.14/bin;C:\Program Files\Common Files\Oracle\Java\javapath;C:\Program Files\Zulu\zulu-16\bin\;C:\Program Files (x86)\Common Files\Intel\Shared Libraries\redist\intel64\compiler;C:\windows\system32;C:\windows;C:\windows\System32\Wbem;C:\windows\System32\WindowsPowerShell\v1.0\;C:\windows\System32\OpenSSH\;C:\Program Files (x86)\NVIDIA Corporation\PhysX\Common;C:\WINDOWS\system32;C:\WINDOWS;C:\WINDOWS\System32\Wbem;C:\WINDOWS\System32\WindowsPowerShell\v1.0\;C:\WINDOWS\System32\OpenSSH\;C:\Program Files\NVIDIA Corporation\NVIDIA NvDLISR;C:\Program Files\Microsoft SQL Server\Client SDK\ODBC\110\Tools\Binn\;C:\Program Files (x86)\Microsoft SQL Server\120\Tools\Binn\;C:\Program Files\Microsoft SQL Server\120\Tools\Binn\;C:\Program Files\Microsoft SQL Server\120\DTS\Binn\;C:\Program Files (x86)\Windows Kits\8.1\Windows Performance Toolkit\;C:\Program Files\Microsoft SQL Server\Client SDK\ODBC\130\Tools\Binn\;C:\Program Files (x86)\Microsoft SQL Server\140\Tools\Binn\;C:\Program Files\Microsoft SQL Server\140\Tools\Binn\;C:\Program Files\Microsoft SQL Server\140\DTS\Binn\;C:\Program Files (x86)\Microsoft SQL Server\120\Tools\Binn\ManagementStudio\;C:\Program Files (x86)\Microsoft SQL Server\120\DTS\Binn\;C:\Program Files\Git\cmd;F:\tools\Maven\apache-maven-3.8.4-bin\apache-maven-3.8.4\bin;C:\Program Files\Java\jdk-11.0.14\bin;C:\Users\Aravindh\AppData\Local\Microsoft\WindowsApps;C:\Program Files\JetBrains\PyCharm Community Edition 2019.3.2\bin;;C:\Program Files\sfdx\bin;C:\Users\Aravindh\AppData\Local\Programs\Microsoft VS Code\bin"/>
    <property name="UGII_LANG" value="english"/>
    <property name="java.io.tmpdir" value="C:\Users\Aravindh\AppData\Local\Temp\"/>
    <property name="APPDATA" value="C:\Users\Aravindh\AppData\Roaming"/>
    <property name="user.language" value="en"/>
    <property name="line.separator" value="&#10;"/>
    <property name="BUILD_URL" value="http://localhost:8080/omen/job/OrangeHRMArtID_mavenProj/2/"/>
    <property name="INTEL_DEV_REDIST" value="C:\Program Files (x86)\Common Files\Intel\Shared Libraries\"/>
    <property name="M2_HOME" value="F:\tools\Maven\apache-maven-3.8.4-bin\apache-maven-3.8.4"/>
    <property name="SW_SIM_HYDRA" value="C:\Program Files\Common Files\SolidWorks Shared\Simulation Worker Agent\"/>
    <property name="java.vm.info" value="mixed mode"/>
    <property name="DriverData" value="C:\Windows\System32\Drivers\DriverData"/>
    <property name="sun.desktop" value="windows"/>
    <property name="java.vm.specification.name" value="Java Virtual Machine Specification"/>
    <property name="CI" value="true"/>
    <property name="BUILD_DISPLAY_NAME" value="#2"/>
    <property name="OS" value="Windows_NT"/>
    <property name="ANSYS181_DIR" value="C:\Program Files\ANSYS Inc\v181\ANSYS"/>
    <property name="guice.disable.misplaced.annotation.check" value="true"/>
    <property name="HUDSON_SERVER_COOKIE" value="00009c5e8fd7e5ad"/>
    <property name="WORKSPACE_TMP" value="C:\Users\Aravindh\.jenkins\workspace\OrangeHRMArtID_mavenProj@tmp"/>
    <property name="MAVEN_HOME" value="F:\tools\Maven\apache-maven-3.8.4-bin\apache-maven-3.8.4"/>
    <property name="SESSIONNAME" value="Console"/>
    <property name="PATHEXT" value=".COM;.EXE;.BAT;.CMD;.VBS;.VBE;.JS;.JSE;.WSF;.WSH;.MSC"/>
    <property name="java.awt.printerjob" value="sun.awt.windows.WPrinterJob"/>
    <property name="CLASSPATH" value=""/>
    <property name="maven3.interceptor.common" value="C:\Users\Aravindh\.jenkins\plugins\maven-plugin\WEB-INF\lib\maven3-interceptor-commons-1.13.jar"/>
    <property name="ANSYS_SYSDIR" value="winx64"/>
    <property name="ICEMCFD_SYSDIR" value="win64_amd"/>
    <property name="P_SCHEMA" value="C:\Program Files\ANSYS Inc\v181\AISOL\CADIntegration\Parasolid\PSchema"/>
    <property name="ANS_OLD_ATTACH" value="1"/>
    <property name="jansi.mode" value="strip"/>
    <property name="PyCharm Community Edition" value="C:\Program Files\JetBrains\PyCharm Community Edition 2019.3.2\bin;"/>
    <property name="HOMEPATH" value="\Users\Aravindh"/>
    <property name="os.name" value="Windows 11"/>
    <property name="java.specification.vendor" value="Oracle Corporation"/>
    <property name="BUILD_NUMBER" value="2"/>
    <property name="java.vm.name" value="Java HotSpot(TM) 64-Bit Server VM"/>
    <property name="ADSK_CLM_WPAD_PROXY_CHECK" value="FALSE"/>
    <property name="maven3.interceptor" value="C:\Users\Aravindh\.jenkins\plugins\maven-plugin\WEB-INF\lib\maven35-interceptor-1.13.jar"/>
    <property name="java.library.path" value="C:\Program Files\Java\jdk-11.0.14\bin;C:\WINDOWS\Sun\Java\bin;C:\WINDOWS\system32;C:\WINDOWS;F:\tools\Maven\apache-maven-3.8.4-bin\apache-maven-3.8.4/bin;C:\Program Files\Java\jdk-11.0.14/bin;C:\Program Files\Java\jdk-11.0.14/bin;C:\Program Files\Common Files\Oracle\Java\javapath;C:\Program Files\Zulu\zulu-16\bin\;C:\Program Files (x86)\Common Files\Intel\Shared Libraries\redist\intel64\compiler;C:\windows\system32;C:\windows;C:\windows\System32\Wbem;C:\windows\System32\WindowsPowerShell\v1.0\;C:\windows\System32\OpenSSH\;C:\Program Files (x86)\NVIDIA Corporation\PhysX\Common;C:\WINDOWS\system32;C:\WINDOWS;C:\WINDOWS\System32\Wbem;C:\WINDOWS\System32\WindowsPowerShell\v1.0\;C:\WINDOWS\System32\OpenSSH\;C:\Program Files\NVIDIA Corporation\NVIDIA NvDLISR;C:\Program Files\Microsoft SQL Server\Client SDK\ODBC\110\Tools\Binn\;C:\Program Files (x86)\Microsoft SQL Server\120\Tools\Binn\;C:\Program Files\Microsoft SQL Server\120\Tools\Binn\;C:\Program Files\Microsoft SQL Server\120\DTS\Binn\;C:\Program Files (x86)\Windows Kits\8.1\Windows Performance Toolkit\;C:\Program Files\Microsoft SQL Server\Client SDK\ODBC\130\Tools\Binn\;C:\Program Files (x86)\Microsoft SQL Server\140\Tools\Binn\;C:\Program Files\Microsoft SQL Server\140\Tools\Binn\;C:\Program Files\Microsoft SQL Server\140\DTS\Binn\;C:\Program Files (x86)\Microsoft SQL Server\120\Tools\Binn\ManagementStudio\;C:\Program Files (x86)\Microsoft SQL Server\120\DTS\Binn\;C:\Program Files\Git\cmd;F:\tools\Maven\apache-maven-3.8.4-bin\apache-maven-3.8.4\bin;C:\Program Files\Java\jdk-11.0.14\bin;C:\Users\Aravindh\AppData\Local\Microsoft\WindowsApps;C:\Program Files\JetBrains\PyCharm Community Edition 2019.3.2\bin;;C:\Program Files\sfdx\bin;C:\Users\Aravindh\AppData\Local\Programs\Microsoft VS Code\bin;."/>
    <property name="lstc_file" value="D:\LSDYNA\program\lstc_file"/>
    <property name="HOMEDRIVE" value="C:"/>
    <property name="java.class.version" value="55.0"/>
    <property name="JOB_URL" value="http://localhost:8080/omen/job/OrangeHRMArtID_mavenProj/"/>
    <property name="platformcode" value="KV"/>
    <property name="ICEMCFD_ROOT181" value="C:\Program Files\ANSYS Inc\v181\icemcfd"/>
    <property name="AWP_LOCALE181" value="en-us"/>
    <property name="OneDrive" value="C:\Users\Aravindh\OneDrive"/>
    <property name="RUN_DISPLAY_URL" value="http://localhost:8080/omen/job/OrangeHRMArtID_mavenProj/2/display/redirect"/>
    <property name="JENKINS_HOME" value="C:\Users\Aravindh\.jenkins"/>
    <property name="TEMP" value="C:\Users\Aravindh\AppData\Local\Temp"/>
    <property name="BUILD_ID" value="2"/>
    <property name="sun.boot.library.path" value="C:\Program Files\Java\jdk-11.0.14\bin"/>
    <property name="CADOE_LIBDIR181" value="C:\Program Files\ANSYS Inc\v181\CommonFiles\Language\en-us"/>
    <property name="sun.management.compiler" value="HotSpot 64-Bit Tiered Compilers"/>
    <property name="java.awt.graphicsenv" value="sun.awt.Win32GraphicsEnvironment"/>
    <property name="user.variant" value=""/>
    <property name="PROCESSOR_REVISION" value="9e0a"/>
    <property name="HUDSON_HOME" value="C:\Users\Aravindh\.jenkins"/>
    <property name="ProgramFiles(x86)" value="C:\Program Files (x86)"/>
    <property name="PATH+MAVEN" value="F:\tools\Maven\apache-maven-3.8.4-bin\apache-maven-3.8.4/bin"/>
    <property name="USERDOMAIN_ROAMINGPROFILE" value="HP-OMEN"/>
    <property name="ANSYS_SYSDIR32" value="win32"/>
    <property name="RUN_ARTIFACTS_DISPLAY_URL" value="http://localhost:8080/omen/job/OrangeHRMArtID_mavenProj/2/display/redirect?page=artifacts"/>
    <property name="PROMPT" value="$P$G"/>
    <property name="java.vm.specification.version" value="11"/>
    <property name="lstc_license_server" value=" "/>
    <property name="awt.toolkit" value="sun.awt.windows.WToolkit"/>
    <property name="NODE_LABELS" value="built-in"/>
    <property name="sun.cpu.isalist" value="amd64"/>
    <property name="USERPROFILE" value="C:\Users\Aravindh"/>
    <property name="java.vm.compressedOopsMode" value="Zero based"/>
    <property name="JOB_DISPLAY_URL" value="http://localhost:8080/omen/job/OrangeHRMArtID_mavenProj/display/redirect"/>
    <property name="os.version" value="10.0"/>
    <property name="user.home" value="C:\Users\Aravindh"/>
    <property name="USERNAME" value="Aravindh"/>
    <property name="java.vm.vendor" value="Oracle Corporation"/>
    <property name="PROCESSOR_LEVEL" value="6"/>
    <property name="GOOGLE_DEFAULT_CLIENT_ID" value="no"/>
    <property name="CommonProgramW6432" value="C:\Program Files\Common Files"/>
    <property name="user.dir" value="C:\Users\Aravindh\eclipse-workspace\new\OrangeHRMProj\OrangeHRM-21"/>
    <property name="maven.conf" value="F:\tools\Maven\apache-maven-3.8.4-bin\apache-maven-3.8.4\conf"/>
    <property name="ProgramW6432" value="C:\Program Files"/>
    <property name="TMP" value="C:\Users\Aravindh\AppData\Local\Temp"/>
    <property name="sun.cpu.endian" value="little"/>
    <property name="SystemDrive" value="C:"/>
    <property name="java.vm.version" value="11.0.14+8-LTS-263"/>
    <property name="java.class.path" value="C:\Users\Aravindh\.jenkins\plugins\maven-plugin\WEB-INF\lib\maven35-agent-1.13.jar;F:\tools\Maven\apache-maven-3.8.4-bin\apache-maven-3.8.4\boot\plexus-classworlds-2.6.0.jar;F:\tools\Maven\apache-maven-3.8.4-bin\apache-maven-3.8.4/conf/logging"/>
    <property name="org.slf4j.simpleLogger.defaultLogLevel" value="info"/>
    <property name="os.arch" value="amd64"/>
    <property name="RegionCode" value="NA"/>
    <property name="OneDriveConsumer" value="C:\Users\Aravindh\OneDrive"/>
    <property name="WORKSPACE" value="C:\Users\Aravindh\.jenkins\workspace\OrangeHRMArtID_mavenProj"/>
    <property name="ComSpec" value="C:\WINDOWS\system32\cmd.exe"/>
    <property name="RUN_TESTS_DISPLAY_URL" value="http://localhost:8080/omen/job/OrangeHRMArtID_mavenProj/2/display/redirect?page=tests"/>
    <property name="sun.java.launcher" value="SUN_STANDARD"/>
    <property name="FPS_BROWSER_APP_PROFILE_STRING" value="Internet Explorer"/>
    <property name="SystemRoot" value="C:\WINDOWS"/>
    <property name="MIC_LD_LIBRARY_PATH" value="C:\Program Files (x86)\Common Files\Intel\Shared Libraries\compiler\lib\mic"/>
    <property name="CommonProgramFiles" value="C:\Program Files\Common Files"/>
    <property name="java.vm.specification.vendor" value="Oracle Corporation"/>
    <property name="FPS_BROWSER_USER_PROFILE_STRING" value="Default"/>
    <property name="LSTC_LICENSE" value="local"/>
    <property name="file.separator" value="\"/>
    <property name="java.runtime.version" value="11.0.14+8-LTS-263"/>
    <property name="ProgramFiles" value="C:\Program Files"/>
    <property name="OnlineServices" value="Online Services"/>
    <property name="PATH+JDK" value="C:\Program Files\Java\jdk-11.0.14/bin"/>
    <property name="user.country" value="CA"/>
    <property name="maven.home" value="F:\tools\Maven\apache-maven-3.8.4-bin\apache-maven-3.8.4"/>
    <property name="JOB_BASE_NAME" value="OrangeHRMArtID_mavenProj"/>
    <property name="java.vendor.version" value="18.9"/>
    <property name="java.vendor" value="Oracle Corporation"/>
    <property name="GOOGLE_DEFAULT_CLIENT_SECRET" value="no"/>
    <property name="java.specification.version" value="11"/>
    <property name="sun.arch.data.model" value="64"/>
    <property name="SW_SIM_TEMP" value="C:\ProgramData\SOLIDWORKS\SW_net_sim_temp\"/>
  </properties>
  <testcase name="navigateToAddEmployee" classname="com.ohrm.qa.testcases.AddEmployeeTest" time="8.726"/>
  <testcase name="verifyAllFieldsExistBeforeSelectingCreateLoginDetails" classname="com.ohrm.qa.testcases.AddEmployeeTest" time="49.453"/>
  <testcase name="verifyAllFieldsExistAfterSelectingCreateLoginDetails" classname="com.ohrm.qa.testcases.AddEmployeeTest" time="91.821"/>
</testsuite>