<?xml version="1.0" encoding="UTF-8"?>
<!-- Generated by org.testng.reporters.JUnitReportReporter -->
<testsuite hostname="DESKTOP-EU7OOK9" failures="0" tests="3" name="com.ohrm.qa.testcases.LoginPageTest" time="13.694" errors="0" timestamp="14 Dec. 2021 20:14:47 GMT" skipped="0">
  <testcase classname="com.ohrm.qa.testcases.LoginPageTest" name="loginPageTitleTest" time="3.240"/>
  <testcase classname="com.ohrm.qa.testcases.LoginPageTest" name="LogoImageTest" time="3.163"/>
  <testcase classname="com.ohrm.qa.testcases.LoginPageTest" name="loginTest" time="7.291"/>
</testsuite> <!-- com.ohrm.qa.testcases.LoginPageTest -->
