<?xml version="1.0" encoding="UTF-8"?>
<!-- Generated by org.testng.reporters.JUnitReportReporter -->
<testsuite hostname="DESKTOP-EU7OOK9" failures="0" tests="3" name="com.ohrm.qa.testcases.HomePageTest" time="20.992" errors="0" timestamp="14 Dec. 2021 20:26:18 GMT" skipped="0">
  <testcase classname="com.ohrm.qa.testcases.HomePageTest" name="verifyHomePageTitleTest" time="7.789"/>
  <testcase classname="com.ohrm.qa.testcases.HomePageTest" name="verifyUserNameTest" time="5.932"/>
  <testcase classname="com.ohrm.qa.testcases.HomePageTest" name="Logout" time="7.271"/>
</testsuite> <!-- com.ohrm.qa.testcases.HomePageTest -->
