<?xml version="1.0" encoding="UTF-8"?>
<!-- Generated by org.testng.reporters.JUnitReportReporter -->
<testsuite hostname="HP-Omen" failures="0" tests="4" name="com.ohrm.qa.testcases.AddEmployeeTest" time="186.307" errors="0" timestamp="02 Mar. 2022 01:38:05 GMT" skipped="1">
  <testcase classname="com.ohrm.qa.testcases.AddEmployeeTest" name="navigateToAddEmployee" time="20.690"/>
  <testcase classname="com.ohrm.qa.testcases.AddEmployeeTest" name="verifyAllFieldsExistBeforeSelectingCreateLoginDetails" time="61.870"/>
  <testcase classname="com.ohrm.qa.testcases.AddEmployeeTest" name="verifyAllFieldsExistAfterSelectingCreateLoginDetails" time="103.747"/>
  <testcase classname="com.ohrm.qa.testcases.AddEmployeeTest" name="verifySendingMandatoryValues">
    <skipped/>
  </testcase> <!-- verifySendingMandatoryValues -->
</testsuite> <!-- com.ohrm.qa.testcases.AddEmployeeTest -->
