<?xml version="1.0" encoding="UTF-8"?>
<!-- Generated by org.testng.reporters.JUnitReportReporter -->
<testsuite hostname="HP-Omen" failures="0" tests="4" name="com.ohrm.qa.testcases.AddEmployeeTest" time="188.027" errors="0" timestamp="03 Mar. 2022 00:21:00 GMT" skipped="1">
  <testcase classname="com.ohrm.qa.testcases.AddEmployeeTest" name="navigateToAddEmployee" time="20.939"/>
  <testcase classname="com.ohrm.qa.testcases.AddEmployeeTest" name="verifyAllFieldsExistBeforeSelectingCreateLoginDetails" time="63.035"/>
  <testcase classname="com.ohrm.qa.testcases.AddEmployeeTest" name="verifyAllFieldsExistAfterSelectingCreateLoginDetails" time="104.053"/>
  <testcase classname="com.ohrm.qa.testcases.AddEmployeeTest" name="verifySendingMandatoryValues">
    <skipped/>
  </testcase> <!-- verifySendingMandatoryValues -->
</testsuite> <!-- com.ohrm.qa.testcases.AddEmployeeTest -->
